2018-04-24 00:01:52,919 INFO  org.springframework.test.context.support.AbstractTestContextBootstrapper (AbstractTestContextBootstrapper.java:256) - Loaded default TestExecutionListener class names from location [META-INF/spring.factories]: [org.springframework.test.context.web.ServletTestExecutionListener, org.springframework.test.context.support.DependencyInjectionTestExecutionListener, org.springframework.test.context.support.DirtiesContextTestExecutionListener, org.springframework.test.context.transaction.TransactionalTestExecutionListener, org.springframework.test.context.jdbc.SqlScriptsTestExecutionListener]
2018-04-24 00:01:53,007 INFO  org.springframework.test.context.support.AbstractTestContextBootstrapper (AbstractTestContextBootstrapper.java:182) - Using TestExecutionListeners: [org.springframework.test.context.web.ServletTestExecutionListener@69c93ca4, org.springframework.test.context.support.DependencyInjectionTestExecutionListener@63da207f, org.springframework.test.context.support.DirtiesContextTestExecutionListener@173373b4, org.springframework.test.context.transaction.TransactionalTestExecutionListener@40d10481, org.springframework.test.context.jdbc.SqlScriptsTestExecutionListener@60dd3c23]
2018-04-24 00:01:53,376 INFO  org.springframework.beans.factory.xml.XmlBeanDefinitionReader (XmlBeanDefinitionReader.java:317) - Loading XML bean definitions from class path resource [META-INF/spring-persistence-context.xml]
2018-04-24 00:01:53,895 INFO  org.springframework.beans.factory.xml.XmlBeanDefinitionReader (XmlBeanDefinitionReader.java:317) - Loading XML bean definitions from class path resource [META-INF/spring-services-context.xml]
2018-04-24 00:01:54,000 INFO  org.springframework.context.support.AbstractApplicationContext (AbstractApplicationContext.java:510) - Refreshing org.springframework.context.support.GenericApplicationContext@1dc2de84: startup date [Tue Apr 24 00:01:53 ART 2018]; root of context hierarchy
2018-04-24 00:01:54,670 INFO  org.springframework.core.io.support.PropertiesLoaderSupport (PropertiesLoaderSupport.java:172) - Loading properties file from URL [file:/home/mariano/Documentos/UNQ/Desarrollo/grupo/desapp-unq-grupo-D-012018/target/classes/META-INF/hibernate.properties]
2018-04-24 00:01:54,673 INFO  org.springframework.core.io.support.PropertiesLoaderSupport (PropertiesLoaderSupport.java:172) - Loading properties file from URL [file:/home/mariano/Documentos/UNQ/Desarrollo/grupo/desapp-unq-grupo-D-012018/target/classes/META-INF/jdbc.properties]
2018-04-24 00:01:55,595 INFO  org.hibernate.annotations.common.reflection.java.JavaReflectionManager (JavaReflectionManager.java:66) - HCANN000001: Hibernate Commons Annotations {4.0.5.Final}
2018-04-24 00:01:55,617 INFO  org.hibernate.Version (Version.java:54) - HHH000412: Hibernate Core {4.3.6.Final}
2018-04-24 00:01:55,623 INFO  org.hibernate.cfg.Environment (Environment.java:239) - HHH000206: hibernate.properties not found
2018-04-24 00:01:55,630 INFO  org.hibernate.cfg.Environment (Environment.java:346) - HHH000021: Bytecode provider name : javassist
2018-04-24 00:01:57,393 INFO  org.hibernate.dialect.Dialect (Dialect.java:145) - HHH000400: Using dialect: org.hibernate.dialect.MySQLDialect
2018-04-24 00:01:57,423 INFO  org.hibernate.engine.jdbc.internal.LobCreatorBuilder (LobCreatorBuilder.java:97) - HHH000423: Disabling contextual LOB creation as JDBC driver reported JDBC version [3] less than 4
2018-04-24 00:01:57,598 INFO  org.hibernate.engine.transaction.internal.TransactionFactoryInitiator (TransactionFactoryInitiator.java:62) - HHH000399: Using default transaction strategy (direct JDBC transactions)
2018-04-24 00:01:57,617 INFO  org.hibernate.hql.internal.ast.ASTQueryTranslatorFactory (ASTQueryTranslatorFactory.java:47) - HHH000397: Using ASTQueryTranslatorFactory
2018-04-24 00:01:57,794 INFO  org.hibernate.tool.hbm2ddl.SchemaExport (SchemaExport.java:343) - HHH000227: Running hbm2ddl schema export
2018-04-24 00:01:57,810 INFO  org.hibernate.tool.hbm2ddl.SchemaExport (SchemaExport.java:405) - HHH000230: Schema export complete
2018-04-24 00:01:57,927 INFO  org.springframework.orm.hibernate4.HibernateTransactionManager (HibernateTransactionManager.java:360) - Using DataSource [org.apache.commons.dbcp.BasicDataSource@148fc881] of Hibernate SessionFactory for HibernateTransactionManager
2018-04-24 00:01:57,997 INFO  org.springframework.beans.factory.xml.XmlBeanDefinitionReader (XmlBeanDefinitionReader.java:317) - Loading XML bean definitions from class path resource [org/springframework/jdbc/support/sql-error-codes.xml]
2018-04-24 00:01:58,098 INFO  org.springframework.jdbc.support.SQLErrorCodesFactory (SQLErrorCodesFactory.java:126) - SQLErrorCodes loaded: [DB2, Derby, H2, HSQL, Informix, MS-SQL, MySQL, Oracle, PostgreSQL, Sybase, Hana]
2018-04-24 00:01:59,446 INFO  org.springframework.context.support.AbstractApplicationContext (AbstractApplicationContext.java:862) - Closing org.springframework.context.support.GenericApplicationContext@1dc2de84: startup date [Tue Apr 24 00:01:53 ART 2018]; root of context hierarchy
2018-04-24 00:11:24,569 INFO  org.springframework.test.context.support.AbstractTestContextBootstrapper (AbstractTestContextBootstrapper.java:256) - Loaded default TestExecutionListener class names from location [META-INF/spring.factories]: [org.springframework.test.context.web.ServletTestExecutionListener, org.springframework.test.context.support.DependencyInjectionTestExecutionListener, org.springframework.test.context.support.DirtiesContextTestExecutionListener, org.springframework.test.context.transaction.TransactionalTestExecutionListener, org.springframework.test.context.jdbc.SqlScriptsTestExecutionListener]
2018-04-24 00:11:24,660 INFO  org.springframework.test.context.support.AbstractTestContextBootstrapper (AbstractTestContextBootstrapper.java:182) - Using TestExecutionListeners: [org.springframework.test.context.web.ServletTestExecutionListener@69c93ca4, org.springframework.test.context.support.DependencyInjectionTestExecutionListener@63da207f, org.springframework.test.context.support.DirtiesContextTestExecutionListener@173373b4, org.springframework.test.context.transaction.TransactionalTestExecutionListener@40d10481, org.springframework.test.context.jdbc.SqlScriptsTestExecutionListener@60dd3c23]
2018-04-24 00:11:25,159 INFO  org.springframework.beans.factory.xml.XmlBeanDefinitionReader (XmlBeanDefinitionReader.java:317) - Loading XML bean definitions from class path resource [META-INF/spring-persistence-context.xml]
2018-04-24 00:11:25,605 INFO  org.springframework.beans.factory.xml.XmlBeanDefinitionReader (XmlBeanDefinitionReader.java:317) - Loading XML bean definitions from class path resource [META-INF/spring-services-context.xml]
2018-04-24 00:11:25,698 INFO  org.springframework.context.support.AbstractApplicationContext (AbstractApplicationContext.java:510) - Refreshing org.springframework.context.support.GenericApplicationContext@1dc2de84: startup date [Tue Apr 24 00:11:25 ART 2018]; root of context hierarchy
2018-04-24 00:11:26,188 INFO  org.springframework.core.io.support.PropertiesLoaderSupport (PropertiesLoaderSupport.java:172) - Loading properties file from URL [file:/home/mariano/Documentos/UNQ/Desarrollo/grupo/desapp-unq-grupo-D-012018/target/classes/META-INF/hibernate.properties]
2018-04-24 00:11:26,190 INFO  org.springframework.core.io.support.PropertiesLoaderSupport (PropertiesLoaderSupport.java:172) - Loading properties file from URL [file:/home/mariano/Documentos/UNQ/Desarrollo/grupo/desapp-unq-grupo-D-012018/target/classes/META-INF/jdbc.properties]
2018-04-24 00:11:27,008 INFO  org.hibernate.annotations.common.reflection.java.JavaReflectionManager (JavaReflectionManager.java:66) - HCANN000001: Hibernate Commons Annotations {4.0.5.Final}
2018-04-24 00:11:27,029 INFO  org.hibernate.Version (Version.java:54) - HHH000412: Hibernate Core {4.3.6.Final}
2018-04-24 00:11:27,037 INFO  org.hibernate.cfg.Environment (Environment.java:239) - HHH000206: hibernate.properties not found
2018-04-24 00:11:27,044 INFO  org.hibernate.cfg.Environment (Environment.java:346) - HHH000021: Bytecode provider name : javassist
2018-04-24 00:11:28,798 INFO  org.hibernate.dialect.Dialect (Dialect.java:145) - HHH000400: Using dialect: org.hibernate.dialect.MySQLDialect
2018-04-24 00:11:28,826 INFO  org.hibernate.engine.jdbc.internal.LobCreatorBuilder (LobCreatorBuilder.java:97) - HHH000423: Disabling contextual LOB creation as JDBC driver reported JDBC version [3] less than 4
2018-04-24 00:11:28,958 INFO  org.hibernate.engine.transaction.internal.TransactionFactoryInitiator (TransactionFactoryInitiator.java:62) - HHH000399: Using default transaction strategy (direct JDBC transactions)
2018-04-24 00:11:28,975 INFO  org.hibernate.hql.internal.ast.ASTQueryTranslatorFactory (ASTQueryTranslatorFactory.java:47) - HHH000397: Using ASTQueryTranslatorFactory
2018-04-24 00:11:29,150 INFO  org.hibernate.tool.hbm2ddl.SchemaExport (SchemaExport.java:343) - HHH000227: Running hbm2ddl schema export
2018-04-24 00:11:29,164 INFO  org.hibernate.tool.hbm2ddl.SchemaExport (SchemaExport.java:405) - HHH000230: Schema export complete
2018-04-24 00:11:29,295 INFO  org.springframework.orm.hibernate4.HibernateTransactionManager (HibernateTransactionManager.java:360) - Using DataSource [org.apache.commons.dbcp.BasicDataSource@148fc881] of Hibernate SessionFactory for HibernateTransactionManager
2018-04-24 00:11:29,355 INFO  org.springframework.beans.factory.xml.XmlBeanDefinitionReader (XmlBeanDefinitionReader.java:317) - Loading XML bean definitions from class path resource [org/springframework/jdbc/support/sql-error-codes.xml]
2018-04-24 00:11:29,446 INFO  org.springframework.jdbc.support.SQLErrorCodesFactory (SQLErrorCodesFactory.java:126) - SQLErrorCodes loaded: [DB2, Derby, H2, HSQL, Informix, MS-SQL, MySQL, Oracle, PostgreSQL, Sybase, Hana]
2018-04-24 00:11:30,430 INFO  org.springframework.context.support.AbstractApplicationContext (AbstractApplicationContext.java:862) - Closing org.springframework.context.support.GenericApplicationContext@1dc2de84: startup date [Tue Apr 24 00:11:25 ART 2018]; root of context hierarchy
2018-04-24 00:16:16,714 INFO  org.springframework.test.context.support.AbstractTestContextBootstrapper (AbstractTestContextBootstrapper.java:256) - Loaded default TestExecutionListener class names from location [META-INF/spring.factories]: [org.springframework.test.context.web.ServletTestExecutionListener, org.springframework.test.context.support.DependencyInjectionTestExecutionListener, org.springframework.test.context.support.DirtiesContextTestExecutionListener, org.springframework.test.context.transaction.TransactionalTestExecutionListener, org.springframework.test.context.jdbc.SqlScriptsTestExecutionListener]
2018-04-24 00:16:16,805 INFO  org.springframework.test.context.support.AbstractTestContextBootstrapper (AbstractTestContextBootstrapper.java:182) - Using TestExecutionListeners: [org.springframework.test.context.web.ServletTestExecutionListener@69c93ca4, org.springframework.test.context.support.DependencyInjectionTestExecutionListener@63da207f, org.springframework.test.context.support.DirtiesContextTestExecutionListener@173373b4, org.springframework.test.context.transaction.TransactionalTestExecutionListener@40d10481, org.springframework.test.context.jdbc.SqlScriptsTestExecutionListener@60dd3c23]
2018-04-24 00:16:17,203 INFO  org.springframework.beans.factory.xml.XmlBeanDefinitionReader (XmlBeanDefinitionReader.java:317) - Loading XML bean definitions from class path resource [META-INF/spring-persistence-context.xml]
2018-04-24 00:16:17,576 INFO  org.springframework.beans.factory.xml.XmlBeanDefinitionReader (XmlBeanDefinitionReader.java:317) - Loading XML bean definitions from class path resource [META-INF/spring-services-context.xml]
2018-04-24 00:16:17,696 INFO  org.springframework.context.support.AbstractApplicationContext (AbstractApplicationContext.java:510) - Refreshing org.springframework.context.support.GenericApplicationContext@1dc2de84: startup date [Tue Apr 24 00:16:17 ART 2018]; root of context hierarchy
2018-04-24 00:16:18,258 INFO  org.springframework.core.io.support.PropertiesLoaderSupport (PropertiesLoaderSupport.java:172) - Loading properties file from URL [file:/home/mariano/Documentos/UNQ/Desarrollo/grupo/desapp-unq-grupo-D-012018/target/classes/META-INF/hibernate.properties]
2018-04-24 00:16:18,259 INFO  org.springframework.core.io.support.PropertiesLoaderSupport (PropertiesLoaderSupport.java:172) - Loading properties file from URL [file:/home/mariano/Documentos/UNQ/Desarrollo/grupo/desapp-unq-grupo-D-012018/target/classes/META-INF/jdbc.properties]
2018-04-24 00:16:19,027 INFO  org.hibernate.annotations.common.reflection.java.JavaReflectionManager (JavaReflectionManager.java:66) - HCANN000001: Hibernate Commons Annotations {4.0.5.Final}
2018-04-24 00:16:19,051 INFO  org.hibernate.Version (Version.java:54) - HHH000412: Hibernate Core {4.3.6.Final}
2018-04-24 00:16:19,057 INFO  org.hibernate.cfg.Environment (Environment.java:239) - HHH000206: hibernate.properties not found
2018-04-24 00:16:19,065 INFO  org.hibernate.cfg.Environment (Environment.java:346) - HHH000021: Bytecode provider name : javassist
2018-04-24 00:16:19,243 WARN  org.hibernate.internal.util.xml.DTDEntityResolver (DTDEntityResolver.java:75) - HHH000223: Recognized obsolete hibernate namespace http://hibernate.sourceforge.net/. Use namespace http://www.hibernate.org/dtd/ instead. Refer to Hibernate 3.6 Migration Guide!
2018-04-24 00:16:21,042 INFO  org.hibernate.dialect.Dialect (Dialect.java:145) - HHH000400: Using dialect: org.hibernate.dialect.MySQLDialect
2018-04-24 00:16:21,077 INFO  org.hibernate.engine.jdbc.internal.LobCreatorBuilder (LobCreatorBuilder.java:97) - HHH000423: Disabling contextual LOB creation as JDBC driver reported JDBC version [3] less than 4
2018-04-24 00:16:21,337 WARN  org.springframework.context.support.AbstractApplicationContext (AbstractApplicationContext.java:487) - Exception encountered during context initialization - cancelling refresh attempt
org.springframework.beans.factory.BeanCreationException: Error creating bean with name 'persistence.sessionFactory' defined in class path resource [META-INF/spring-persistence-context.xml]: Invocation of init method failed; nested exception is org.hibernate.InvalidMappingException: Could not parse mapping document from input stream
	at org.springframework.beans.factory.support.AbstractAutowireCapableBeanFactory.initializeBean(AbstractAutowireCapableBeanFactory.java:1566)
	at org.springframework.beans.factory.support.AbstractAutowireCapableBeanFactory.doCreateBean(AbstractAutowireCapableBeanFactory.java:539)
	at org.springframework.beans.factory.support.AbstractAutowireCapableBeanFactory.createBean(AbstractAutowireCapableBeanFactory.java:476)
	at org.springframework.beans.factory.support.AbstractBeanFactory$1.getObject(AbstractBeanFactory.java:302)
	at org.springframework.beans.factory.support.DefaultSingletonBeanRegistry.getSingleton(DefaultSingletonBeanRegistry.java:230)
	at org.springframework.beans.factory.support.AbstractBeanFactory.doGetBean(AbstractBeanFactory.java:298)
	at org.springframework.beans.factory.support.AbstractBeanFactory.getBean(AbstractBeanFactory.java:193)
	at org.springframework.beans.factory.support.DefaultListableBeanFactory.preInstantiateSingletons(DefaultListableBeanFactory.java:743)
	at org.springframework.context.support.AbstractApplicationContext.finishBeanFactoryInitialization(AbstractApplicationContext.java:757)
	at org.springframework.context.support.AbstractApplicationContext.refresh(AbstractApplicationContext.java:480)
	at org.springframework.test.context.support.AbstractGenericContextLoader.loadContext(AbstractGenericContextLoader.java:125)
	at org.springframework.test.context.support.AbstractGenericContextLoader.loadContext(AbstractGenericContextLoader.java:60)
	at org.springframework.test.context.support.AbstractDelegatingSmartContextLoader.delegateLoading(AbstractDelegatingSmartContextLoader.java:109)
	at org.springframework.test.context.support.AbstractDelegatingSmartContextLoader.loadContext(AbstractDelegatingSmartContextLoader.java:261)
	at org.springframework.test.context.DefaultCacheAwareContextLoaderDelegate.loadContextInternal(DefaultCacheAwareContextLoaderDelegate.java:68)
	at org.springframework.test.context.DefaultCacheAwareContextLoaderDelegate.loadContext(DefaultCacheAwareContextLoaderDelegate.java:86)
	at org.springframework.test.context.DefaultTestContext.getApplicationContext(DefaultTestContext.java:72)
	at org.springframework.test.context.support.DependencyInjectionTestExecutionListener.injectDependencies(DependencyInjectionTestExecutionListener.java:117)
	at org.springframework.test.context.support.DependencyInjectionTestExecutionListener.prepareTestInstance(DependencyInjectionTestExecutionListener.java:83)
	at org.springframework.test.context.TestContextManager.prepareTestInstance(TestContextManager.java:212)
	at org.springframework.test.context.junit4.SpringJUnit4ClassRunner.createTest(SpringJUnit4ClassRunner.java:200)
	at org.springframework.test.context.junit4.SpringJUnit4ClassRunner$1.runReflectiveCall(SpringJUnit4ClassRunner.java:252)
	at org.junit.internal.runners.model.ReflectiveCallable.run(ReflectiveCallable.java:12)
	at org.springframework.test.context.junit4.SpringJUnit4ClassRunner.methodBlock(SpringJUnit4ClassRunner.java:254)
	at org.springframework.test.context.junit4.SpringJUnit4ClassRunner.runChild(SpringJUnit4ClassRunner.java:217)
	at org.springframework.test.context.junit4.SpringJUnit4ClassRunner.runChild(SpringJUnit4ClassRunner.java:83)
	at org.junit.runners.ParentRunner$3.run(ParentRunner.java:290)
	at org.junit.runners.ParentRunner$1.schedule(ParentRunner.java:71)
	at org.junit.runners.ParentRunner.runChildren(ParentRunner.java:288)
	at org.junit.runners.ParentRunner.access$000(ParentRunner.java:58)
	at org.junit.runners.ParentRunner$2.evaluate(ParentRunner.java:268)
	at org.springframework.test.context.junit4.statements.RunBeforeTestClassCallbacks.evaluate(RunBeforeTestClassCallbacks.java:61)
	at org.springframework.test.context.junit4.statements.RunAfterTestClassCallbacks.evaluate(RunAfterTestClassCallbacks.java:68)
	at org.junit.runners.ParentRunner.run(ParentRunner.java:363)
	at org.springframework.test.context.junit4.SpringJUnit4ClassRunner.run(SpringJUnit4ClassRunner.java:163)
	at org.apache.maven.surefire.junit4.JUnit4Provider.execute(JUnit4Provider.java:252)
	at org.apache.maven.surefire.junit4.JUnit4Provider.executeTestSet(JUnit4Provider.java:141)
	at org.apache.maven.surefire.junit4.JUnit4Provider.invoke(JUnit4Provider.java:112)
	at sun.reflect.NativeMethodAccessorImpl.invoke0(Native Method)
	at sun.reflect.NativeMethodAccessorImpl.invoke(NativeMethodAccessorImpl.java:62)
	at sun.reflect.DelegatingMethodAccessorImpl.invoke(DelegatingMethodAccessorImpl.java:43)
	at java.lang.reflect.Method.invoke(Method.java:498)
	at org.apache.maven.surefire.util.ReflectionUtils.invokeMethodWithArray(ReflectionUtils.java:189)
	at org.apache.maven.surefire.booter.ProviderFactory$ProviderProxy.invoke(ProviderFactory.java:165)
	at org.apache.maven.surefire.booter.ProviderFactory.invokeProvider(ProviderFactory.java:85)
	at org.apache.maven.surefire.booter.ForkedBooter.runSuitesInProcess(ForkedBooter.java:115)
	at org.apache.maven.surefire.booter.ForkedBooter.main(ForkedBooter.java:75)
Caused by: org.hibernate.InvalidMappingException: Could not parse mapping document from input stream
	at org.hibernate.cfg.Configuration$MetadataSourceQueue.processHbmXml(Configuration.java:3762)
	at org.hibernate.cfg.Configuration$MetadataSourceQueue.processHbmXmlQueue(Configuration.java:3751)
	at org.hibernate.cfg.Configuration$MetadataSourceQueue.processMetadata(Configuration.java:3739)
	at org.hibernate.cfg.Configuration.secondPassCompile(Configuration.java:1410)
	at org.hibernate.cfg.Configuration.buildSessionFactory(Configuration.java:1844)
	at org.hibernate.cfg.Configuration.buildSessionFactory(Configuration.java:1928)
	at org.springframework.orm.hibernate4.LocalSessionFactoryBuilder.buildSessionFactory(LocalSessionFactoryBuilder.java:372)
	at org.springframework.orm.hibernate4.LocalSessionFactoryBean.buildSessionFactory(LocalSessionFactoryBean.java:454)
	at org.springframework.orm.hibernate4.LocalSessionFactoryBean.afterPropertiesSet(LocalSessionFactoryBean.java:439)
	at org.springframework.beans.factory.support.AbstractAutowireCapableBeanFactory.invokeInitMethods(AbstractAutowireCapableBeanFactory.java:1625)
	at org.springframework.beans.factory.support.AbstractAutowireCapableBeanFactory.initializeBean(AbstractAutowireCapableBeanFactory.java:1562)
	... 46 more
Caused by: org.hibernate.PropertyNotFoundException: field [mail] not found on model.User
	at org.hibernate.property.DirectPropertyAccessor.getField(DirectPropertyAccessor.java:166)
	at org.hibernate.property.DirectPropertyAccessor.getField(DirectPropertyAccessor.java:173)
	at org.hibernate.property.DirectPropertyAccessor.getField(DirectPropertyAccessor.java:158)
	at org.hibernate.property.DirectPropertyAccessor.getGetter(DirectPropertyAccessor.java:181)
	at org.hibernate.internal.util.ReflectHelper.getter(ReflectHelper.java:254)
	at org.hibernate.internal.util.ReflectHelper.reflectedPropertyClass(ReflectHelper.java:230)
	at org.hibernate.mapping.SimpleValue.setTypeUsingReflection(SimpleValue.java:362)
	at org.hibernate.cfg.HbmBinder.createProperty(HbmBinder.java:2350)
	at org.hibernate.cfg.HbmBinder.createClassProperties(HbmBinder.java:2315)
	at org.hibernate.cfg.HbmBinder.createClassProperties(HbmBinder.java:2204)
	at org.hibernate.cfg.HbmBinder.bindRootPersistentClassCommonValues(HbmBinder.java:411)
	at org.hibernate.cfg.HbmBinder.bindRootClass(HbmBinder.java:326)
	at org.hibernate.cfg.HbmBinder.bindRoot(HbmBinder.java:177)
	at org.hibernate.cfg.Configuration$MetadataSourceQueue.processHbmXml(Configuration.java:3759)
	... 56 more
2018-04-24 00:16:21,375 ERROR org.springframework.test.context.TestContextManager (TestContextManager.java:215) - Caught exception while allowing TestExecutionListener [org.springframework.test.context.support.DependencyInjectionTestExecutionListener@63da207f] to prepare test instance [HibernateTest@4a645ebb]
java.lang.IllegalStateException: Failed to load ApplicationContext
	at org.springframework.test.context.DefaultCacheAwareContextLoaderDelegate.loadContext(DefaultCacheAwareContextLoaderDelegate.java:94)
	at org.springframework.test.context.DefaultTestContext.getApplicationContext(DefaultTestContext.java:72)
	at org.springframework.test.context.support.DependencyInjectionTestExecutionListener.injectDependencies(DependencyInjectionTestExecutionListener.java:117)
	at org.springframework.test.context.support.DependencyInjectionTestExecutionListener.prepareTestInstance(DependencyInjectionTestExecutionListener.java:83)
	at org.springframework.test.context.TestContextManager.prepareTestInstance(TestContextManager.java:212)
	at org.springframework.test.context.junit4.SpringJUnit4ClassRunner.createTest(SpringJUnit4ClassRunner.java:200)
	at org.springframework.test.context.junit4.SpringJUnit4ClassRunner$1.runReflectiveCall(SpringJUnit4ClassRunner.java:252)
	at org.junit.internal.runners.model.ReflectiveCallable.run(ReflectiveCallable.java:12)
	at org.springframework.test.context.junit4.SpringJUnit4ClassRunner.methodBlock(SpringJUnit4ClassRunner.java:254)
	at org.springframework.test.context.junit4.SpringJUnit4ClassRunner.runChild(SpringJUnit4ClassRunner.java:217)
	at org.springframework.test.context.junit4.SpringJUnit4ClassRunner.runChild(SpringJUnit4ClassRunner.java:83)
	at org.junit.runners.ParentRunner$3.run(ParentRunner.java:290)
	at org.junit.runners.ParentRunner$1.schedule(ParentRunner.java:71)
	at org.junit.runners.ParentRunner.runChildren(ParentRunner.java:288)
	at org.junit.runners.ParentRunner.access$000(ParentRunner.java:58)
	at org.junit.runners.ParentRunner$2.evaluate(ParentRunner.java:268)
	at org.springframework.test.context.junit4.statements.RunBeforeTestClassCallbacks.evaluate(RunBeforeTestClassCallbacks.java:61)
	at org.springframework.test.context.junit4.statements.RunAfterTestClassCallbacks.evaluate(RunAfterTestClassCallbacks.java:68)
	at org.junit.runners.ParentRunner.run(ParentRunner.java:363)
	at org.springframework.test.context.junit4.SpringJUnit4ClassRunner.run(SpringJUnit4ClassRunner.java:163)
	at org.apache.maven.surefire.junit4.JUnit4Provider.execute(JUnit4Provider.java:252)
	at org.apache.maven.surefire.junit4.JUnit4Provider.executeTestSet(JUnit4Provider.java:141)
	at org.apache.maven.surefire.junit4.JUnit4Provider.invoke(JUnit4Provider.java:112)
	at sun.reflect.NativeMethodAccessorImpl.invoke0(Native Method)
	at sun.reflect.NativeMethodAccessorImpl.invoke(NativeMethodAccessorImpl.java:62)
	at sun.reflect.DelegatingMethodAccessorImpl.invoke(DelegatingMethodAccessorImpl.java:43)
	at java.lang.reflect.Method.invoke(Method.java:498)
	at org.apache.maven.surefire.util.ReflectionUtils.invokeMethodWithArray(ReflectionUtils.java:189)
	at org.apache.maven.surefire.booter.ProviderFactory$ProviderProxy.invoke(ProviderFactory.java:165)
	at org.apache.maven.surefire.booter.ProviderFactory.invokeProvider(ProviderFactory.java:85)
	at org.apache.maven.surefire.booter.ForkedBooter.runSuitesInProcess(ForkedBooter.java:115)
	at org.apache.maven.surefire.booter.ForkedBooter.main(ForkedBooter.java:75)
Caused by: org.springframework.beans.factory.BeanCreationException: Error creating bean with name 'persistence.sessionFactory' defined in class path resource [META-INF/spring-persistence-context.xml]: Invocation of init method failed; nested exception is org.hibernate.InvalidMappingException: Could not parse mapping document from input stream
	at org.springframework.beans.factory.support.AbstractAutowireCapableBeanFactory.initializeBean(AbstractAutowireCapableBeanFactory.java:1566)
	at org.springframework.beans.factory.support.AbstractAutowireCapableBeanFactory.doCreateBean(AbstractAutowireCapableBeanFactory.java:539)
	at org.springframework.beans.factory.support.AbstractAutowireCapableBeanFactory.createBean(AbstractAutowireCapableBeanFactory.java:476)
	at org.springframework.beans.factory.support.AbstractBeanFactory$1.getObject(AbstractBeanFactory.java:302)
	at org.springframework.beans.factory.support.DefaultSingletonBeanRegistry.getSingleton(DefaultSingletonBeanRegistry.java:230)
	at org.springframework.beans.factory.support.AbstractBeanFactory.doGetBean(AbstractBeanFactory.java:298)
	at org.springframework.beans.factory.support.AbstractBeanFactory.getBean(AbstractBeanFactory.java:193)
	at org.springframework.beans.factory.support.DefaultListableBeanFactory.preInstantiateSingletons(DefaultListableBeanFactory.java:743)
	at org.springframework.context.support.AbstractApplicationContext.finishBeanFactoryInitialization(AbstractApplicationContext.java:757)
	at org.springframework.context.support.AbstractApplicationContext.refresh(AbstractApplicationContext.java:480)
	at org.springframework.test.context.support.AbstractGenericContextLoader.loadContext(AbstractGenericContextLoader.java:125)
	at org.springframework.test.context.support.AbstractGenericContextLoader.loadContext(AbstractGenericContextLoader.java:60)
	at org.springframework.test.context.support.AbstractDelegatingSmartContextLoader.delegateLoading(AbstractDelegatingSmartContextLoader.java:109)
	at org.springframework.test.context.support.AbstractDelegatingSmartContextLoader.loadContext(AbstractDelegatingSmartContextLoader.java:261)
	at org.springframework.test.context.DefaultCacheAwareContextLoaderDelegate.loadContextInternal(DefaultCacheAwareContextLoaderDelegate.java:68)
	at org.springframework.test.context.DefaultCacheAwareContextLoaderDelegate.loadContext(DefaultCacheAwareContextLoaderDelegate.java:86)
	... 31 more
Caused by: org.hibernate.InvalidMappingException: Could not parse mapping document from input stream
	at org.hibernate.cfg.Configuration$MetadataSourceQueue.processHbmXml(Configuration.java:3762)
	at org.hibernate.cfg.Configuration$MetadataSourceQueue.processHbmXmlQueue(Configuration.java:3751)
	at org.hibernate.cfg.Configuration$MetadataSourceQueue.processMetadata(Configuration.java:3739)
	at org.hibernate.cfg.Configuration.secondPassCompile(Configuration.java:1410)
	at org.hibernate.cfg.Configuration.buildSessionFactory(Configuration.java:1844)
	at org.hibernate.cfg.Configuration.buildSessionFactory(Configuration.java:1928)
	at org.springframework.orm.hibernate4.LocalSessionFactoryBuilder.buildSessionFactory(LocalSessionFactoryBuilder.java:372)
	at org.springframework.orm.hibernate4.LocalSessionFactoryBean.buildSessionFactory(LocalSessionFactoryBean.java:454)
	at org.springframework.orm.hibernate4.LocalSessionFactoryBean.afterPropertiesSet(LocalSessionFactoryBean.java:439)
	at org.springframework.beans.factory.support.AbstractAutowireCapableBeanFactory.invokeInitMethods(AbstractAutowireCapableBeanFactory.java:1625)
	at org.springframework.beans.factory.support.AbstractAutowireCapableBeanFactory.initializeBean(AbstractAutowireCapableBeanFactory.java:1562)
	... 46 more
Caused by: org.hibernate.PropertyNotFoundException: field [mail] not found on model.User
	at org.hibernate.property.DirectPropertyAccessor.getField(DirectPropertyAccessor.java:166)
	at org.hibernate.property.DirectPropertyAccessor.getField(DirectPropertyAccessor.java:173)
	at org.hibernate.property.DirectPropertyAccessor.getField(DirectPropertyAccessor.java:158)
	at org.hibernate.property.DirectPropertyAccessor.getGetter(DirectPropertyAccessor.java:181)
	at org.hibernate.internal.util.ReflectHelper.getter(ReflectHelper.java:254)
	at org.hibernate.internal.util.ReflectHelper.reflectedPropertyClass(ReflectHelper.java:230)
	at org.hibernate.mapping.SimpleValue.setTypeUsingReflection(SimpleValue.java:362)
	at org.hibernate.cfg.HbmBinder.createProperty(HbmBinder.java:2350)
	at org.hibernate.cfg.HbmBinder.createClassProperties(HbmBinder.java:2315)
	at org.hibernate.cfg.HbmBinder.createClassProperties(HbmBinder.java:2204)
	at org.hibernate.cfg.HbmBinder.bindRootPersistentClassCommonValues(HbmBinder.java:411)
	at org.hibernate.cfg.HbmBinder.bindRootClass(HbmBinder.java:326)
	at org.hibernate.cfg.HbmBinder.bindRoot(HbmBinder.java:177)
	at org.hibernate.cfg.Configuration$MetadataSourceQueue.processHbmXml(Configuration.java:3759)
	... 56 more
2018-04-24 00:20:04,988 INFO  org.springframework.test.context.support.AbstractTestContextBootstrapper (AbstractTestContextBootstrapper.java:256) - Loaded default TestExecutionListener class names from location [META-INF/spring.factories]: [org.springframework.test.context.web.ServletTestExecutionListener, org.springframework.test.context.support.DependencyInjectionTestExecutionListener, org.springframework.test.context.support.DirtiesContextTestExecutionListener, org.springframework.test.context.transaction.TransactionalTestExecutionListener, org.springframework.test.context.jdbc.SqlScriptsTestExecutionListener]
2018-04-24 00:20:05,066 INFO  org.springframework.test.context.support.AbstractTestContextBootstrapper (AbstractTestContextBootstrapper.java:182) - Using TestExecutionListeners: [org.springframework.test.context.web.ServletTestExecutionListener@69c93ca4, org.springframework.test.context.support.DependencyInjectionTestExecutionListener@63da207f, org.springframework.test.context.support.DirtiesContextTestExecutionListener@173373b4, org.springframework.test.context.transaction.TransactionalTestExecutionListener@40d10481, org.springframework.test.context.jdbc.SqlScriptsTestExecutionListener@60dd3c23]
2018-04-24 00:20:05,461 INFO  org.springframework.beans.factory.xml.XmlBeanDefinitionReader (XmlBeanDefinitionReader.java:317) - Loading XML bean definitions from class path resource [META-INF/spring-persistence-context.xml]
2018-04-24 00:20:05,800 INFO  org.springframework.beans.factory.xml.XmlBeanDefinitionReader (XmlBeanDefinitionReader.java:317) - Loading XML bean definitions from class path resource [META-INF/spring-services-context.xml]
2018-04-24 00:20:05,909 INFO  org.springframework.context.support.AbstractApplicationContext (AbstractApplicationContext.java:510) - Refreshing org.springframework.context.support.GenericApplicationContext@1dc2de84: startup date [Tue Apr 24 00:20:05 ART 2018]; root of context hierarchy
2018-04-24 00:20:06,639 INFO  org.springframework.core.io.support.PropertiesLoaderSupport (PropertiesLoaderSupport.java:172) - Loading properties file from URL [file:/home/mariano/Documentos/UNQ/Desarrollo/grupo/desapp-unq-grupo-D-012018/target/classes/META-INF/hibernate.properties]
2018-04-24 00:20:06,641 INFO  org.springframework.core.io.support.PropertiesLoaderSupport (PropertiesLoaderSupport.java:172) - Loading properties file from URL [file:/home/mariano/Documentos/UNQ/Desarrollo/grupo/desapp-unq-grupo-D-012018/target/classes/META-INF/jdbc.properties]
2018-04-24 00:20:07,543 INFO  org.hibernate.annotations.common.reflection.java.JavaReflectionManager (JavaReflectionManager.java:66) - HCANN000001: Hibernate Commons Annotations {4.0.5.Final}
2018-04-24 00:20:07,562 INFO  org.hibernate.Version (Version.java:54) - HHH000412: Hibernate Core {4.3.6.Final}
2018-04-24 00:20:07,569 INFO  org.hibernate.cfg.Environment (Environment.java:239) - HHH000206: hibernate.properties not found
2018-04-24 00:20:07,575 INFO  org.hibernate.cfg.Environment (Environment.java:346) - HHH000021: Bytecode provider name : javassist
2018-04-24 00:20:07,739 WARN  org.hibernate.internal.util.xml.DTDEntityResolver (DTDEntityResolver.java:75) - HHH000223: Recognized obsolete hibernate namespace http://hibernate.sourceforge.net/. Use namespace http://www.hibernate.org/dtd/ instead. Refer to Hibernate 3.6 Migration Guide!
2018-04-24 00:20:09,491 INFO  org.hibernate.dialect.Dialect (Dialect.java:145) - HHH000400: Using dialect: org.hibernate.dialect.MySQLDialect
2018-04-24 00:20:09,518 INFO  org.hibernate.engine.jdbc.internal.LobCreatorBuilder (LobCreatorBuilder.java:97) - HHH000423: Disabling contextual LOB creation as JDBC driver reported JDBC version [3] less than 4
2018-04-24 00:20:09,788 INFO  org.hibernate.engine.transaction.internal.TransactionFactoryInitiator (TransactionFactoryInitiator.java:62) - HHH000399: Using default transaction strategy (direct JDBC transactions)
2018-04-24 00:20:09,811 INFO  org.hibernate.hql.internal.ast.ASTQueryTranslatorFactory (ASTQueryTranslatorFactory.java:47) - HHH000397: Using ASTQueryTranslatorFactory
2018-04-24 00:20:10,693 INFO  org.hibernate.tool.hbm2ddl.SchemaExport (SchemaExport.java:343) - HHH000227: Running hbm2ddl schema export
2018-04-24 00:20:10,760 ERROR org.hibernate.tool.hbm2ddl.SchemaExport (SchemaExport.java:425) - HHH000389: Unsuccessful: create table User (cuil varchar(255) not null auto_increment, name varchar(255), surname varchar(255), address varchar(255), email varchar(255), primary key (cuil))
2018-04-24 00:20:10,760 ERROR org.hibernate.tool.hbm2ddl.SchemaExport (SchemaExport.java:426) - Incorrect column specifier for column 'cuil'
2018-04-24 00:20:10,762 INFO  org.hibernate.tool.hbm2ddl.SchemaExport (SchemaExport.java:405) - HHH000230: Schema export complete
2018-04-24 00:20:10,858 INFO  org.springframework.orm.hibernate4.HibernateTransactionManager (HibernateTransactionManager.java:360) - Using DataSource [org.apache.commons.dbcp.BasicDataSource@1ae12304] of Hibernate SessionFactory for HibernateTransactionManager
2018-04-24 00:20:10,914 INFO  org.springframework.beans.factory.xml.XmlBeanDefinitionReader (XmlBeanDefinitionReader.java:317) - Loading XML bean definitions from class path resource [org/springframework/jdbc/support/sql-error-codes.xml]
2018-04-24 00:20:10,997 INFO  org.springframework.jdbc.support.SQLErrorCodesFactory (SQLErrorCodesFactory.java:126) - SQLErrorCodes loaded: [DB2, Derby, H2, HSQL, Informix, MS-SQL, MySQL, Oracle, PostgreSQL, Sybase, Hana]
2018-04-24 00:20:11,816 INFO  org.springframework.context.support.AbstractApplicationContext (AbstractApplicationContext.java:862) - Closing org.springframework.context.support.GenericApplicationContext@1dc2de84: startup date [Tue Apr 24 00:20:05 ART 2018]; root of context hierarchy
